0 3
0.2 3.7232
0.4 5.57493
0.6 8.4784
0.8 12.3568
1 17.1333
1.2 22.7312
1.4 29.0736
1.6 36.0837
1.8 43.6848
2 51.8
2.2 60.3525
2.4 69.2656
2.6 78.4624
2.8 87.8661
3 97.4
3.2 106.987
3.4 116.551
3.6 126.014
3.8 135.301
4 144.333
4.2 153.035
4.4 161.33
4.6 169.14
4.8 176.389
5 183
5.2 193.558
5.4 212.218
5.6 238.255
5.8 270.946
6 309.567
6.2 353.395
6.4 401.706
6.6 453.776
6.8 508.883
7 566.301
7.2 625.308
7.4 685.181
7.6 745.194
7.8 804.626
8 862.752
8.2 918.848
8.4 972.192
8.6 1022.06
8.8 1067.73
9 1108.47
9.2 1143.56
9.4 1172.29
9.6 1193.92
9.8 1207.73
