0 3
0.2 6.48288
0.4 11.431
0.6 17.6938
0.8 25.1203
1 33.56
1.2 42.8621
1.4 52.8758
1.6 63.4506
1.8 74.4355
2 85.68
2.2 97.0333
2.4 108.345
2.6 119.463
2.8 130.239
3 140.52
3.2 150.156
3.4 158.997
3.6 166.892
3.8 173.69
4 179.24
4.2 183.392
4.4 185.994
4.6 186.897
4.8 185.949
5 183
5.2 183.991
5.4 194.434
5.6 213.532
5.8 240.49
6 274.513
6.2 314.804
6.4 360.568
6.6 411.009
6.8 465.331
7 522.739
7.2 582.436
7.4 643.628
7.6 705.517
7.8 767.309
8 828.208
8.2 887.418
8.4 944.143
8.6 997.588
8.8 1046.96
9 1091.45
9.2 1130.28
9.4 1162.64
9.6 1187.75
9.8 1204.8
