0 3
0.2 3.288
0.4 3.784
0.6 4.536
0.8 5.592
1 7
1.2 8.808
1.4 11.064
1.6 13.816
1.8 17.112
2 21
2.2 25.528
2.4 30.744
2.6 36.696
2.8 43.432
3 51
3.2 59.448
3.4 68.824
3.6 79.176
3.8 90.552
4 103
4.2 116.568
4.4 131.304
4.6 147.256
4.8 164.472
5 183
5.2 202.888
5.4 224.184
5.6 246.936
5.8 271.192
6 297
6.2 324.408
6.4 353.464
6.6 384.216
6.8 416.712
7 451
7.2 487.128
7.4 525.144
7.6 565.096
7.8 607.032
8 651
8.2 697.048
8.4 745.224
8.6 795.576
8.8 848.152
9 903
9.2 960.168
9.4 1019.7
9.6 1081.66
9.8 1146.07
