-10 -1000
-9.8 -998.816
-9.6 -995.328
-9.4 -989.632
-9.2 -981.824
-9 -972
-8.8 -960.256
-8.6 -946.688
-8.4 -931.392
-8.2 -914.464
-8 -896
-7.8 -876.096
-7.6 -854.848
-7.4 -832.352
-7.2 -808.704
-7 -784
-6.8 -758.336
-6.6 -731.808
-6.4 -704.512
-6.2 -676.544
-6 -648
-5.8 -618.976
-5.6 -589.568
-5.4 -559.872
-5.2 -529.984
-5 -500
-4.8 -470.016
-4.6 -440.128
-4.4 -410.432
-4.2 -381.024
-4 -352
-3.8 -323.456
-3.6 -295.488
-3.4 -268.192
-3.2 -241.664
-3 -216
-2.8 -191.296
-2.6 -167.648
-2.4 -145.152
-2.2 -123.904
-2 -104
-1.8 -85.536
-1.6 -68.608
-1.4 -53.312
-1.2 -39.744
-1 -28
-0.8 -18.176
-0.6 -10.368
-0.4 -4.672
-0.2 -1.184
1.49012e-07 6.43929e-13
0.2 1.1448
0.4 4.5184
0.6 10.0296
0.8 17.5872
1 27.1
1.2 38.4768
1.4 51.6264
1.6 66.4576
1.8 82.8792
2 100.8
2.2 120.129
2.4 140.774
2.6 162.646
2.8 185.651
3 209.7
3.2 234.701
3.4 260.562
3.6 287.194
3.8 314.503
4 342.4
4.2 370.793
4.4 399.59
4.6 428.702
4.8 458.035
5 487.5
5.2 517.005
5.4 546.458
5.6 575.77
5.8 604.847
6 633.6
6.2 661.937
6.4 689.766
6.6 716.998
6.8 743.539
7 769.3
7.2 794.189
7.4 818.114
7.6 840.986
7.8 862.711
8 883.2
8.2 902.361
8.4 920.102
8.6 936.334
8.8 950.963
9 963.9
9.2 975.053
9.4 984.33
9.6 991.642
9.8 996.895
